Flow report for Proj_Nios_jogo
Thu Dec 05 14:43:05 2019
Quartus Prime Version 18.0.0 Build 614 04/24/2018 SJ Lite Edition


---------------------
; Table of Contents ;
---------------------
  1. Legal Notice
  2. Flow Summary
  3. Flow Settings
  4. Flow Non-Default Global Settings
  5. Flow Elapsed Time
  6. Flow OS Summary
  7. Flow Log
  8. Flow Messages
  9. Flow Suppressed Messages



----------------
; Legal Notice ;
----------------
Copyright (C) 2018  Intel Corporation. All rights reserved.
Your use of Intel Corporation's design tools, logic functions 
and other software and tools, and its AMPP partner logic 
functions, and any output files from any of the foregoing 
(including device programming or simulation files), and any 
associated documentation or information are expressly subject 
to the terms and conditions of the Intel Program License 
Subscription Agreement, the Intel Quartus Prime License Agreement,
the Intel FPGA IP License Agreement, or other applicable license
agreement, including, without limitation, that your use is for
the sole purpose of programming logic devices manufactured by
Intel and sold by Intel or its authorized distributors.  Please
refer to the applicable agreement for further details.



+----------------------------------------------------------------------------------+
; Flow Summary                                                                     ;
+------------------------------------+---------------------------------------------+
; Flow Status                        ; Successful - Thu Dec 05 14:42:53 2019       ;
; Quartus Prime Version              ; 18.0.0 Build 614 04/24/2018 SJ Lite Edition ;
; Revision Name                      ; Proj_Nios_jogo                              ;
; Top-level Entity Name              ; top_proj_nios                               ;
; Family                             ; Cyclone IV E                                ;
; Device                             ; EP4CE6E22C8                                 ;
; Timing Models                      ; Final                                       ;
; Total logic elements               ; 1,711 / 6,272 ( 27 % )                      ;
;     Total combinational functions  ; 1,596 / 6,272 ( 25 % )                      ;
;     Dedicated logic registers      ; 926 / 6,272 ( 15 % )                        ;
; Total registers                    ; 926                                         ;
; Total pins                         ; 16 / 92 ( 17 % )                            ;
; Total virtual pins                 ; 0                                           ;
; Total memory bits                  ; 44,032 / 276,480 ( 16 % )                   ;
; Embedded Multiplier 9-bit elements ; 0 / 30 ( 0 % )                              ;
; Total PLLs                         ; 0 / 2 ( 0 % )                               ;
+------------------------------------+---------------------------------------------+


+-----------------------------------------+
; Flow Settings                           ;
+-------------------+---------------------+
; Option            ; Setting             ;
+-------------------+---------------------+
; Start date & time ; 12/05/2019 14:38:41 ;
; Main task         ; Compilation         ;
; Revision Name     ; Proj_Nios_jogo      ;
+-------------------+---------------------+


+-------------------------------------------------------------------------------------------------------------------------------------------------------+
; Flow Non-Default Global Settings                                                                                                                      ;
+-------------------------------------+------------------------------------------------------------------+----------------+----------------+------------+
; Assignment Name                     ; Value                                                            ; Default Value  ; Entity Name    ; Section Id ;
+-------------------------------------+------------------------------------------------------------------+----------------+----------------+------------+
; COMPILER_SIGNATURE_ID               ; 277375815616530.157556751932992                                  ; --             ; --             ; --         ;
; MAX_CORE_JUNCTION_TEMP              ; 85                                                               ; --             ; --             ; --         ;
; MIN_CORE_JUNCTION_TEMP              ; 0                                                                ; --             ; --             ; --         ;
; MISC_FILE                           ; proj_qsys_jogo/synthesis/../proj_qsys_jogo.cmp                   ; --             ; --             ; --         ;
; MISC_FILE                           ; proj_qsys_jogo/synthesis/../../proj_qsys_jogo.qsys               ; --             ; --             ; --         ;
; NOMINAL_CORE_SUPPLY_VOLTAGE         ; 1.2V                                                             ; --             ; --             ; --         ;
; PARTITION_COLOR                     ; -- (Not supported for targeted family)                           ; --             ; top_proj_nios  ; Top        ;
; PARTITION_FITTER_PRESERVATION_LEVEL ; -- (Not supported for targeted family)                           ; --             ; top_proj_nios  ; Top        ;
; PARTITION_NETLIST_TYPE              ; -- (Not supported for targeted family)                           ; --             ; top_proj_nios  ; Top        ;
; POWER_BOARD_THERMAL_MODEL           ; None (CONSERVATIVE)                                              ; --             ; --             ; --         ;
; POWER_PRESET_COOLING_SOLUTION       ; 23 MM HEAT SINK WITH 200 LFPM AIRFLOW                            ; --             ; --             ; --         ;
; PROJECT_OUTPUT_DIRECTORY            ; output_files                                                     ; --             ; --             ; --         ;
; SLD_FILE                            ; proj_qsys_jogo/synthesis/proj_qsys_jogo.regmap                   ; --             ; --             ; --         ;
; SLD_FILE                            ; proj_qsys_jogo/synthesis/proj_qsys_jogo.debuginfo                ; --             ; --             ; --         ;
; SLD_INFO                            ; QSYS_NAME proj_qsys_jogo HAS_SOPCINFO 1 GENERATION_ID 1575051233 ; --             ; proj_qsys_jogo ; --         ;
; SOPCINFO_FILE                       ; proj_qsys_jogo/synthesis/../../proj_qsys_jogo.sopcinfo           ; --             ; --             ; --         ;
; SYNTHESIS_ONLY_QIP                  ; On                                                               ; --             ; --             ; --         ;
; TOP_LEVEL_ENTITY                    ; top_proj_nios                                                    ; Proj_Nios_jogo ; --             ; --         ;
+-------------------------------------+------------------------------------------------------------------+----------------+----------------+------------+


+--------------------------------------------------------------------------------------------------------------------------+
; Flow Elapsed Time                                                                                                        ;
+----------------------+--------------+-------------------------+---------------------+------------------------------------+
; Module Name          ; Elapsed Time ; Average Processors Used ; Peak Virtual Memory ; Total CPU Time (on all processors) ;
+----------------------+--------------+-------------------------+---------------------+------------------------------------+
; Analysis & Synthesis ; 00:02:41     ; 1.0                     ; 4874 MB             ; 00:01:54                           ;
; Fitter               ; 00:00:51     ; 1.0                     ; 5327 MB             ; 00:00:21                           ;
; Assembler            ; 00:00:05     ; 1.0                     ; 4686 MB             ; 00:00:03                           ;
; Timing Analyzer      ; 00:00:10     ; 1.1                     ; 4758 MB             ; 00:00:06                           ;
; Total                ; 00:03:47     ; --                      ; --                  ; 00:02:24                           ;
+----------------------+--------------+-------------------------+---------------------+------------------------------------+


+------------------------------------------------------------------------------------+
; Flow OS Summary                                                                    ;
+----------------------+------------------+------------+------------+----------------+
; Module Name          ; Machine Hostname ; OS Name    ; OS Version ; Processor type ;
+----------------------+------------------+------------+------------+----------------+
; Analysis & Synthesis ; LAPTOP-OOBIUH21  ; Windows 10 ; 10.0       ; x86_64         ;
; Fitter               ; LAPTOP-OOBIUH21  ; Windows 10 ; 10.0       ; x86_64         ;
; Assembler            ; LAPTOP-OOBIUH21  ; Windows 10 ; 10.0       ; x86_64         ;
; Timing Analyzer      ; LAPTOP-OOBIUH21  ; Windows 10 ; 10.0       ; x86_64         ;
+----------------------+------------------+------------+------------+----------------+


------------
; Flow Log ;
------------
quartus_map --read_settings_files=on --write_settings_files=off Proj_Nios_jogo -c Proj_Nios_jogo
quartus_fit --read_settings_files=off --write_settings_files=off Proj_Nios_jogo -c Proj_Nios_jogo
quartus_asm --read_settings_files=off --write_settings_files=off Proj_Nios_jogo -c Proj_Nios_jogo
quartus_sta Proj_Nios_jogo -c Proj_Nios_jogo



